<?xml version="1.0" encoding="UTF-8"?>
<!-- Generated by org.testng.reporters.JUnitReportReporter -->
<testsuite hostname="LAPTOP-9VEPTGSE" failures="0" tests="5" name="testng.PriorityFlagTest" time="0.020" errors="0" timestamp="2024-07-26T12:26:19 IST" skipped="0">
  <testcase classname="testng.PriorityFlagTest" name="demo5" time="0.013">
    <system-out>
      <![CDATA[demo5]]>
    </system-out>
  </testcase> <!-- demo5 -->
  <testcase classname="testng.PriorityFlagTest" name="demo1" time="0.002">
    <system-out>
      <![CDATA[demo1]]>
    </system-out>
  </testcase> <!-- demo1 -->
  <testcase classname="testng.PriorityFlagTest" name="demo3" time="0.002">
    <system-out>
      <![CDATA[demo3]]>
    </system-out>
  </testcase> <!-- demo3 -->
  <testcase classname="testng.PriorityFlagTest" name="demo4" time="0.001">
    <system-out>
      <![CDATA[demo4]]>
    </system-out>
  </testcase> <!-- demo4 -->
  <testcase classname="testng.PriorityFlagTest" name="demo2" time="0.002">
    <system-out>
      <![CDATA[demo2]]>
    </system-out>
  </testcase> <!-- demo2 -->
  <system-out>
    <![CDATA[demo5
demo1
demo3
demo4
demo2]]>
  </system-out>
</testsuite> <!-- testng.PriorityFlagTest -->
