<?xml version="1.0" encoding="UTF-8"?>
<!-- Generated by org.testng.reporters.JUnitReportReporter -->
<testsuite hostname="LAPTOP-9VEPTGSE" failures="0" tests="1" name="TestNGImplementation.CreateContactWithExistingOrgTest" time="24.848" errors="0" timestamp="2024-07-31T15:31:18 IST" skipped="0">
  <testcase classname="TestNGImplementation.CreateContactWithExistingOrgTest" name="createContact" time="24.848"/>
</testsuite> <!-- TestNGImplementation.CreateContactWithExistingOrgTest -->
