<?xml version="1.0" encoding="UTF-8"?>
<!-- Generated by org.testng.reporters.JUnitReportReporter -->
<testsuite hostname="LAPTOP-9VEPTGSE" failures="0" tests="9" name="testng.FlagsTest" time="0.030" errors="0" timestamp="2024-07-26T12:27:51 IST" skipped="2">
  <testcase classname="testng.FlagsTest" name="demo1" time="0.002">
    <system-out>
      <![CDATA[demo1]]>
    </system-out>
  </testcase> <!-- demo1 -->
  <testcase classname="testng.FlagsTest" name="demo1" time="0.015">
    <system-out>
      <![CDATA[demo1]]>
    </system-out>
  </testcase> <!-- demo1 -->
  <testcase classname="testng.FlagsTest" name="demo3" time="0.002">
    <system-out>
      <![CDATA[demo3]]>
    </system-out>
  </testcase> <!-- demo3 -->
  <testcase classname="testng.FlagsTest" name="demo3" time="0.002">
    <system-out>
      <![CDATA[demo3]]>
    </system-out>
  </testcase> <!-- demo3 -->
  <testcase classname="testng.FlagsTest" name="demo3" time="0.002">
    <system-out>
      <![CDATA[demo3]]>
    </system-out>
  </testcase> <!-- demo3 -->
  <testcase classname="testng.FlagsTest" name="demo4" time="0.003">
    <system-out>
      <![CDATA[demo4]]>
    </system-out>
  </testcase> <!-- demo4 -->
  <testcase classname="testng.FlagsTest" name="demo4" time="0.004">
    <system-out>
      <![CDATA[demo4]]>
    </system-out>
  </testcase> <!-- demo4 -->
  <testcase classname="testng.FlagsTest" name="demo2">
    <skipped/>
  </testcase> <!-- demo2 -->
  <testcase classname="testng.FlagsTest" name="demo5">
    <skipped/>
  </testcase> <!-- demo5 -->
  <system-out>
    <![CDATA[demo1
demo1
demo3
demo3
demo3
demo4
demo4]]>
  </system-out>
</testsuite> <!-- testng.FlagsTest -->
