<?xml version="1.0" encoding="UTF-8"?>
<!-- Generated by org.testng.reporters.JUnitReportReporter -->
<testsuite hostname="LAPTOP-9VEPTGSE" failures="0" tests="1" name="Assertions.WhyNotIfElse" time="0.019" errors="0" timestamp="2024-07-30T09:33:17 IST" skipped="0">
  <testcase classname="Assertions.WhyNotIfElse" name="demo" time="0.019"/>
</testsuite> <!-- Assertions.WhyNotIfElse -->
