<?xml version="1.0" encoding="UTF-8"?>
<!-- Generated by org.testng.reporters.JUnitReportReporter -->
<testsuite hostname="LAPTOP-9VEPTGSE" failures="0" tests="1" name="listener.TestClass" time="0.012" errors="0" timestamp="2024-08-01T13:50:41 IST" skipped="0">
  <testcase classname="listener.TestClass" name="demo" time="0.012"/>
</testsuite> <!-- listener.TestClass -->
