<?xml version="1.0" encoding="UTF-8"?>
<!-- Generated by org.testng.reporters.JUnitReportReporter -->
<testsuite hostname="LAPTOP-9VEPTGSE" failures="0" tests="1" name="TestNGImplementation.CreateAndDuplicateLeadTest" time="35.798" errors="0" timestamp="2024-07-31T15:31:18 IST" skipped="0">
  <testcase classname="TestNGImplementation.CreateAndDuplicateLeadTest" name="createAndDuplicateLeadTest" time="35.798"/>
</testsuite> <!-- TestNGImplementation.CreateAndDuplicateLeadTest -->
