<?xml version="1.0" encoding="UTF-8"?>
<!-- Generated by org.testng.reporters.JUnitReportReporter -->
<testsuite hostname="LAPTOP-9VEPTGSE" failures="0" tests="4" name="testng.InvocationCountTest" time="0.028" errors="0" timestamp="2024-07-26T12:27:36 IST" skipped="0">
  <testcase classname="testng.InvocationCountTest" name="demo2" time="0.002">
    <system-out>
      <![CDATA[demo2]]>
    </system-out>
  </testcase> <!-- demo2 -->
  <testcase classname="testng.InvocationCountTest" name="demo2" time="0.021">
    <system-out>
      <![CDATA[demo2]]>
    </system-out>
  </testcase> <!-- demo2 -->
  <testcase classname="testng.InvocationCountTest" name="demo3" time="0.002">
    <system-out>
      <![CDATA[demo3]]>
    </system-out>
  </testcase> <!-- demo3 -->
  <testcase classname="testng.InvocationCountTest" name="demo2" time="0.003">
    <system-out>
      <![CDATA[demo2]]>
    </system-out>
  </testcase> <!-- demo2 -->
  <system-out>
    <![CDATA[demo2
demo2
demo2
demo3]]>
  </system-out>
</testsuite> <!-- testng.InvocationCountTest -->
